[debug] [2023-10-24T21:55:52.920Z] ----------------------------------------------------------------------
[debug] [2023-10-24T21:55:52.921Z] Command:       /Users/jq/.nvm/versions/node/v18.9.0/bin/node /usr/local/bin/firebase deploy
[debug] [2023-10-24T21:55:52.921Z] CLI Version:   11.20.0
[debug] [2023-10-24T21:55:52.922Z] Platform:      darwin
[debug] [2023-10-24T21:55:52.922Z] Node Version:  v18.9.0
[debug] [2023-10-24T21:55:52.923Z] Time:          Tue Oct 24 2023 17:55:52 GMT-0400 (Eastern Daylight Time)
[debug] [2023-10-24T21:55:52.923Z] ----------------------------------------------------------------------
[debug] 
[debug] [2023-10-24T21:55:52.925Z] >>> [apiv2][query] GET https://firebase-public.firebaseio.com/cli.json [none]
[debug] [2023-10-24T21:55:53.003Z] > command requires scopes: ["email","openid","https://www.googleapis.com/auth/cloudplatformprojects.readonly","https://www.googleapis.com/auth/firebase","https://www.googleapis.com/auth/cloud-platform"]
[debug] [2023-10-24T21:55:53.004Z] > authorizing via signed-in user (jacquelineho426@gmail.com)
[debug] [2023-10-24T21:55:53.004Z] [iam] checking project personal-website-d59b1 for permissions ["firebase.projects.get","firebasehosting.sites.update"]
[debug] [2023-10-24T21:55:53.005Z] > refreshing access token with scopes: []
[debug] [2023-10-24T21:55:53.005Z] >>> [apiv2][query] POST https://www.googleapis.com/oauth2/v3/token [none]
[debug] [2023-10-24T21:55:53.005Z] >>> [apiv2][body] POST https://www.googleapis.com/oauth2/v3/token [omitted]
[warn] ⚠  Unable to fetch the CLI MOTD and remote config. 
[debug] [2023-10-24T21:55:53.009Z] Failed to fetch MOTD FirebaseError: Failed to make request to https://firebase-public.firebaseio.com/cli.json
[debug] [2023-10-24T21:55:53.010Z] [iam] error while checking permissions, command may fail: FirebaseError: Authentication Error: Your credentials are no longer valid. Please run firebase login --reauth

For CI servers and headless environments, generate a new token with firebase login:ci
[debug] [2023-10-24T21:55:53.010Z] > refreshing access token with scopes: []
[debug] [2023-10-24T21:55:53.010Z] >>> [apiv2][query] POST https://www.googleapis.com/oauth2/v3/token [none]
[debug] [2023-10-24T21:55:53.010Z] >>> [apiv2][body] POST https://www.googleapis.com/oauth2/v3/token [omitted]
[debug] [2023-10-24T21:55:53.013Z] Authentication Error: Your credentials are no longer valid. Please run firebase login --reauth

For CI servers and headless environments, generate a new token with firebase login:ci
[debug] [2023-10-24T21:55:53.019Z] FirebaseError: Authentication Error: Your credentials are no longer valid. Please run firebase login --reauth

For CI servers and headless environments, generate a new token with firebase login:ci
    at invalidCredentialError (/usr/local/lib/node_modules/firebase-tools/lib/auth.js:144:12)
    at refreshTokens (/usr/local/lib/node_modules/firebase-tools/lib/auth.js:508:15)
    at process.processTicksAndRejections (node:internal/process/task_queues:95:5)
    at async Client.getAccessToken (/usr/local/lib/node_modules/firebase-tools/lib/apiv2.js:149:23)
    at async Client.addAuthHeader (/usr/local/lib/node_modules/firebase-tools/lib/apiv2.js:140:21)
    at async Client.request (/usr/local/lib/node_modules/firebase-tools/lib/apiv2.js:96:34)
    at async getFirebaseProject (/usr/local/lib/node_modules/firebase-tools/lib/management/projects.js:295:21)
    at async getDefaultHostingSite (/usr/local/lib/node_modules/firebase-tools/lib/getDefaultHostingSite.js:8:21)
    at async requireHostingSite (/usr/local/lib/node_modules/firebase-tools/lib/requireHostingSite.js:9:18)
    at async Object.fn (/usr/local/lib/node_modules/firebase-tools/lib/commands/deploy.js:74:9)
    at async /usr/local/lib/node_modules/firebase-tools/lib/command.js:214:17
[error] 
[error] Error: Failed to get Firebase project personal-website-d59b1. Please make sure the project exists and your account has permission to access it.
